Arguments: 
  /usr/bin/node /mnt/c/Users/EriclesMiller/AppData/Roaming/npm/node_modules/yarn/bin/yarn.js install

PATH: 
  /usr/local/sbin:/usr/local/bin:/usr/sbin:/usr/bin:/sbin:/bin:/usr/games:/usr/local/games:/mnt/c/Python310/Scripts/:/mnt/c/Python310/:/mnt/c/Windows/system32:/mnt/c/Windows:/mnt/c/Windows/System32/Wbem:/mnt/c/Windows/System32/WindowsPowerShell/v1.0/:/mnt/c/Windows/System32/OpenSSH/:/mnt/c/Program Files/nodejs/:/mnt/c/ProgramData/chocolatey/bin:/mnt/c/Program Files/Git/cmd:/mnt/c/Users/EriclesMiller/AppData/Local/Microsoft/WindowsApps:/mnt/c/Users/EriclesMiller/AppData/Local/Programs/Microsoft VS Code/bin:/mnt/c/Users/EriclesMiller/AppData/Roaming/npm:/mnt/c/Users/EriclesMiller/AppData/Local/GitHubDesktop/bin

Yarn version: 
  1.22.19

Node version: 
  10.19.0

Platform: 
  linux x64

Trace: 
  Error: EPERM: operation not permitted, copyfile '/home/emiller/.cache/yarn/v6/npm-body-parser-1.20.0-3de69bd89011c11573d7bfee6a64f11b6bd27cc5-integrity/node_modules/body-parser/SECURITY.md' -> '/mnt/c/Users/EriclesMiller/Desktop/node.js/first_Project/node_modules/body-parser/SECURITY.md'

npm manifest: 
  {
    "name": "first_project1",
    "version": "1.0.0",
    "main": "index.js",
    "scripts": {
      "dev": "nodemon src/index.js"
    },
    "keywords": [],
    "author": "",
    "license": "ISC",
    "dependencies": {
      "express": "^4.18.1"
    },
    "devDependencies": {
      "nodemon": "^2.0.19"
    },
    "description": ""
  }

yarn manifest: 
  No manifest

Lockfile: 
  No lockfile
